
=== Mon Feb 26 21:25:16 2024

Packages were changed.
Update Mode: mergeDefaultDependencies

The following packages were added:
  com.unity.ide.rider@3.0.16
  com.unity.ide.visualstudio@2.0.16
  com.unity.ide.vscode@1.2.5
  com.unity.modules.ai@1.0.0
  com.unity.modules.androidjni@1.0.0
  com.unity.modules.animation@1.0.0
  com.unity.modules.assetbundle@1.0.0
  com.unity.modules.audio@1.0.0
  com.unity.modules.cloth@1.0.0
  com.unity.modules.director@1.0.0
  com.unity.modules.imageconversion@1.0.0
  com.unity.modules.imgui@1.0.0
  com.unity.modules.jsonserialize@1.0.0
  com.unity.modules.particlesystem@1.0.0
  com.unity.modules.physics@1.0.0
  com.unity.modules.physics2d@1.0.0
  com.unity.modules.screencapture@1.0.0
  com.unity.modules.terrain@1.0.0
  com.unity.modules.terrainphysics@1.0.0
  com.unity.modules.tilemap@1.0.0
  com.unity.modules.ui@1.0.0
  com.unity.modules.uielements@1.0.0
  com.unity.modules.umbra@1.0.0
  com.unity.modules.unityanalytics@1.0.0
  com.unity.modules.unitywebrequest@1.0.0
  com.unity.modules.unitywebrequestassetbundle@1.0.0
  com.unity.modules.unitywebrequestaudio@1.0.0
  com.unity.modules.unitywebrequesttexture@1.0.0
  com.unity.modules.unitywebrequestwww@1.0.0
  com.unity.modules.vehicles@1.0.0
  com.unity.modules.video@1.0.0
  com.unity.modules.vr@1.0.0
  com.unity.modules.wind@1.0.0
  com.unity.modules.xr@1.0.0
  com.unity.test-framework@1.1.33
The following packages were updated:
  com.unity.collab-proxy from version 1.13.5 to 1.17.7
  com.unity.timeline from version 1.6.2 to 1.7.2
  com.unity.visualscripting from version 1.7.6 to 1.7.8

=== Sat Mar 30 19:33:43 2024

Packages were changed.
Update Mode: updateDependencies

The following packages were added:
  com.unity.ai.navigation@1.1.5
The following packages were updated:
  com.unity.collab-proxy from version 1.17.7 to 2.3.1
  com.unity.ide.rider from version 3.0.16 to 3.0.28
  com.unity.ide.visualstudio from version 2.0.16 to 2.0.22
  com.unity.render-pipelines.universal from version 13.1.9 to 14.0.10
  com.unity.timeline from version 1.7.2 to 1.7.6
  com.unity.visualscripting from version 1.7.8 to 1.9.2

=== Thu Jul 18 15:59:44 2024

Packages were changed.
Update Mode: updateDependencies

The following packages were added:
  com.unity.ai.navigation@1.1.5
The following packages were updated:
  com.unity.remote-config from version 3.2.2 to 3.3.2
  com.unity.services.cloudsave from version 2.0.1 to 2.2.1
  com.unity.shadergraph from version 13.1.9 to 14.0.10

=== Wed Sep  4 11:54:42 2024

Packages were changed.
Update Mode: updateDependencies

The following packages were updated:
  com.unity.collab-proxy from version 2.3.1 to 2.4.4
  com.unity.ide.rider from version 3.0.28 to 3.0.31
  com.unity.netcode.gameobjects from version 1.8.1 to 1.10.0
  com.unity.shadergraph from version 14.0.10 to 14.0.11
  com.unity.visualscripting from version 1.9.2 to 1.9.4
